<testsuite failures="0" name="examples/users/featuredata/postRequest.feature" skipped="0" tests="1" time="7.251407">
  <testcase classname="examples.users.featuredata.postRequest" name="Create a user and validate response" time="7.251407">
    <system-out>* url 'https://reqres.in/' ................................................ passed
* def jsonPayLoad = read('../resource/postandputrequest.json') ............ passed
* def expectedOutput = read('../resource/allemployee.json') ............... passed
* header Content-type = 'application/json' ................................ passed
Given path '/api/users' ................................................... passed
And request jsonPayLoad[0] ................................................ passed
And param delay = 3 ....................................................... passed
When method POST .......................................................... passed
Then status 201 ........................................................... passed
Then print response ....................................................... passed
And match response == expectedOutput[2] ................................... passed</system-out>
  </testcase>
</testsuite>
