<testsuite failures="0" name="examples/users/featuredata/getrequest.feature" skipped="0" tests="2" time="6.203705">
  <testcase classname="examples.users.featuredata.getrequest" name="get all users and validate Json response,status field,data array and error field not present" time="2.73338">
    <system-out>* url 'http://dummy.restapiexample.com' ................................... passed
* def expectedOutput = read('../resource/allemployee.json') ............... passed
Given path '/api/v1/employees' ............................................ passed
When method get ........................................................... passed
Then status 200 ........................................................... passed
Then print response ....................................................... passed
And match response == expectedOutput[0] ................................... passed
And response.status == 'success' .......................................... passed
And response.data != null ................................................. passed</system-out>
  </testcase>
  <testcase classname="examples.users.featuredata.getrequest" name="Validate user data received for user 1 from json file" time="3.470325">
    <system-out>* url 'http://dummy.restapiexample.com' ................................... passed
* def expectedOutput = read('../resource/allemployee.json') ............... passed
Given path '/api/v1/employees' ............................................ passed
When method get ........................................................... passed
Then status 200 ........................................................... passed
Then print response ....................................................... passed
And match response == expectedOutput[0] ................................... passed
And response.status == 'success' .......................................... passed
And response.data != null ................................................. passed
* url 'http://dummy.restapiexample.com' ................................... passed
* def expectedOutput = read('../resource/allemployee.json') ............... passed
Given path '/api/v1/employee/1' ........................................... passed
When method get ........................................................... passed
Then status 200 ........................................................... passed
Then print response ....................................................... passed
And match response == expectedOutput[1] ................................... passed
* def error_data = response.error ......................................... passed
And match error_data == null .............................................. passed</system-out>
  </testcase>
</testsuite>
