<testsuite failures="0" name="examples/users/featuredata/putrequest.feature" skipped="0" tests="1" time="4.233067">
  <testcase classname="examples.users.featuredata.putrequest" name="Update a user information and validate response" time="4.233067">
    <system-out>* url 'https://reqres.in/' ................................................ passed
* def jsonPayLoad = read('../resource/postandputrequest.json') ............ passed
* def expectedOutput = read('../resource/allemployee.json') ............... passed
* header Content-type = 'application/json' ................................ passed
Given path '/api/users/2' ................................................. passed
And request jsonPayLoad[1] ................................................ passed
When method PUT ........................................................... passed
Then status 200 ........................................................... passed
Then print response ....................................................... passed
And match response == expectedOutput[3] ................................... passed</system-out>
  </testcase>
</testsuite>
