<?xml version="1.0" encoding="UTF-8"?>
<testsuite xmlns:xsi="http://www.w3.org/2001/XMLSchema-instance" xsi:noNamespaceSchemaLocation="https://maven.apache.org/surefire/maven-surefire-plugin/xsd/surefire-test-report.xsd" name="examples.ExamplesTest" time="19.956" tests="5" errors="0" skipped="0" failures="0">
  <properties>
[...]
</properties>
  <testcase name="testAll[1][1]" classname="examples.ExamplesTest" time="9.583"/>
  <testcase name="testAll[1][2]" classname="examples.ExamplesTest" time="1.139"/>
  <testcase name="testAll[1][3]" classname="examples.ExamplesTest" time="2.824"/>
  <testcase name="testAll[2][1]" classname="examples.ExamplesTest" time="0.365"/>
  <testcase name="testAll[2][2]" classname="examples.ExamplesTest" time="1.339"/>
</testsuite>